<?xml version="1.0" encoding="UTF-8"?>
<testng-results ignored="0" total="2" passed="2" failed="0" skipped="0">
  <reporter-output>
  </reporter-output>
  <suite started-at="2025-09-18T18:13:09 IST" name="Suite" finished-at="2025-09-18T18:13:41 IST" duration-ms="31980">
    <groups>
    </groups>
    <test started-at="2025-09-18T18:13:09 IST" name="Test" finished-at="2025-09-18T18:13:41 IST" duration-ms="31980">
      <class name="sr1.srproject1">
        <test-method signature="ValidateSrproject1()[pri:0, instance:sr1.srproject1@34a3d150]" started-at="2025-09-18T18:13:09 IST" name="ValidateSrproject1" finished-at="2025-09-18T18:13:26 IST" duration-ms="17185" status="PASS">
          <reporter-output>
          </reporter-output>
        </test-method> <!-- ValidateSrproject1 -->
      </class> <!-- sr1.srproject1 -->
      <class name="sr1.srproject2">
        <test-method signature="ValidateSrproject2()[pri:0, instance:sr1.srproject2@4d5d943d]" started-at="2025-09-18T18:13:26 IST" name="ValidateSrproject2" finished-at="2025-09-18T18:13:41 IST" duration-ms="14680" status="PASS">
          <reporter-output>
          </reporter-output>
        </test-method> <!-- ValidateSrproject2 -->
      </class> <!-- sr1.srproject2 -->
    </test> <!-- Test -->
  </suite> <!-- Suite -->
</testng-results>
